Resource Usage Report
Part: lcmxo2_7000he-4

Register bits: 76 of 6864 (1%)
PIC Latch:       0
I/O cells:       25

Details:
BB:             8
CCU2D:          4
FD1P3AX:        27
FD1P3AY:        2
FD1S3AX:        23
FD1S3AY:        1
FD1S3BX:        4
FD1S3IX:        3
GSR:            1
IB:             5
IFS1P3DX:       1
INV:            2
L6MUX21:        1
OB:             11
OBZ:            1
OFS1P3DX:       14
OFS1P3IX:       1
ORCALUT4:       112
PFUMX:          2
PUR:            1
VHI:            3
VLO:            4
true:           1
